#
# A fatal error has been detected by the Java Runtime Environment:
#
#  EXCEPTION_ACCESS_VIOLATION (0xc0000005) at pc=0x000000005d25f773, pid=19936, tid=0x00000000000022b4
#
# JRE version: Java(TM) SE Runtime Environment (8.0_191-b12) (build 1.8.0_191-b12)
# Java VM: Java HotSpot(TM) 64-Bit Server VM (25.191-b12 mixed mode windows-amd64 compressed oops)
# Problematic frame:
# V  [jvm.dll+0x13f773]
#
# Failed to write core dump. Minidumps are not enabled by default on client versions of Windows
#
# If you would like to submit a bug report, please visit:
#   http://bugreport.java.com/bugreport/crash.jsp
#

---------------  T H R E A D  ---------------

Current thread (0x000000001ecca800):  JavaThread "Server online" [_thread_in_vm, id=8884, stack(0x0000000020f40000,0x0000000021040000)]

siginfo: ExceptionCode=0xc0000005, reading address 0x00000002e9b2e7e8

Registers:
RAX=0x0000000000000000, RBX=0x000000001ecca800, RCX=0x0000000000000003, RDX=0x00000002e9b2e780
RSP=0x000000002103e1a0, RBP=0x000000002103e2f0, RSI=0x000000001ecca9f8, RDI=0x000000001ecca800
R8 =0xffff8006c2ee2ef0, R9 =0x00007ff93d11d13f, R10=0x000000000000002f, R11=0x000000000000002f
R12=0x000000002103e530, R13=0x0000000000000000, R14=0x000000002103e528, R15=0x0000000000000000
RIP=0x000000005d25f773, EFLAGS=0x0000000000010202

Top of Stack: (sp=0x000000002103e1a0)
0x000000002103e1a0:   00007ff93d11d110 000000001ecca800
0x000000002103e1b0:   000000002103e2f0 0000000000000000
0x000000002103e1c0:   000000001ecca800 0000000000000000
0x000000002103e1d0:   0000000000000000 0000000000000000
0x000000002103e1e0:   000000001d2f4f40 00007ff93d0f6777
0x000000002103e1f0:   000000001ecca9f8 000000002103e2f0
0x000000002103e200:   000000001ecca800 0000000003791797
0x000000002103e210:   0000000003791aa0 0000000000000000
0x000000002103e220:   0000000000000000 0000000000000000
0x000000002103e230:   00000000037916a0 000000001e010000
0x000000002103e240:   000000002103e1a0 0000000000000000
0x000000002103e250:   0000000000000000 0000000000000000
0x000000002103e260:   0000000000000000 0000000000000000
0x000000002103e270:   0000000000000000 0000000000000000
0x000000002103e280:   000000002103e4f8 0000000000000000
0x000000002103e290:   000000002103e510 000000002103e508 

Instructions: (pc=0x000000005d25f773)
0x000000005d25f753:   00 00 48 8b 17 74 15 8b 52 08 8b 0d 05 81 66 00
0x000000005d25f763:   48 d3 e2 48 03 15 f3 80 66 00 eb 04 48 8b 52 08
0x000000005d25f773:   48 8b 52 68 48 8b ce e8 c1 81 0d 00 48 83 7c 24
0x000000005d25f783:   28 00 48 8b f0 74 0a 48 8d 4c 24 20 e8 9c e6 13 


Register to memory mapping:

RAX=0x0000000000000000 is an unknown value
RBX=0x000000001ecca800 is a thread
RCX=0x0000000000000003 is an unknown value
RDX=0x00000002e9b2e780 is an unknown value
RSP=0x000000002103e1a0 is pointing into the stack for thread: 0x000000001ecca800
RBP=0x000000002103e2f0 is pointing into the stack for thread: 0x000000001ecca800
RSI=0x000000001ecca9f8 is an unknown value
RDI=0x000000001ecca800 is a thread
R8 =0xffff8006c2ee2ef0 is an unknown value
R9 =0x00007ff93d11d13f is an unknown value
R10=0x000000000000002f is an unknown value
R11=0x000000000000002f is an unknown value
R12=0x000000002103e530 is pointing into the stack for thread: 0x000000001ecca800
R13=0x0000000000000000 is an unknown value
R14=0x000000002103e528 is pointing into the stack for thread: 0x000000001ecca800
R15=0x0000000000000000 is an unknown value


Stack: [0x0000000020f40000,0x0000000021040000],  sp=0x000000002103e1a0,  free space=1016k
Native frames: (J=compiled Java code, j=interpreted, Vv=VM code, C=native code)
V  [jvm.dll+0x13f773]
C  [sqljdbc_auth.dll+0x6777]
C  0x0000000003748c67

Java frames: (J=compiled Java code, j=interpreted, Vv=VM code)
j  com.microsoft.sqlserver.jdbc.AuthenticationJNI.SNISecGenClientContext([B[I[BI[B[I[ZLjava/lang/String;Ljava/lang/String;Ljava/lang/String;Ljava/util/logging/Logger;)I+0
j  com.microsoft.sqlserver.jdbc.AuthenticationJNI.GenerateClientContext([BI[B[I[Z)I+24
j  com.microsoft.sqlserver.jdbc.SQLServerConnection.SSPIData([B[B[I[ZLcom/microsoft/sqlserver/jdbc/AuthenticationJNI;)V+13
j  com.microsoft.sqlserver.jdbc.SQLServerConnection.sendLogon(Lcom/microsoft/sqlserver/jdbc/SQLServerConnection$LogonCommand;Lcom/microsoft/sqlserver/jdbc/AuthenticationJNI;)V+155
j  com.microsoft.sqlserver.jdbc.SQLServerConnection.logon(Lcom/microsoft/sqlserver/jdbc/SQLServerConnection$LogonCommand;)V+20
j  com.microsoft.sqlserver.jdbc.SQLServerConnection.access$000(Lcom/microsoft/sqlserver/jdbc/SQLServerConnection;Lcom/microsoft/sqlserver/jdbc/SQLServerConnection$LogonCommand;)V+2
j  com.microsoft.sqlserver.jdbc.SQLServerConnection$LogonCommand.doExecute()Z+5
j  com.microsoft.sqlserver.jdbc.TDSCommand.execute(Lcom/microsoft/sqlserver/jdbc/TDSWriter;Lcom/microsoft/sqlserver/jdbc/TDSReader;)Z+30
j  com.microsoft.sqlserver.jdbc.SQLServerConnection.executeCommand(Lcom/microsoft/sqlserver/jdbc/TDSCommand;)Z+45
j  com.microsoft.sqlserver.jdbc.SQLServerConnection.connectHelper(Lcom/microsoft/sqlserver/jdbc/ServerPortPlaceHolder;II)V+284
j  com.microsoft.sqlserver.jdbc.SQLServerConnection.login(Ljava/lang/String;Ljava/lang/String;ILjava/lang/String;Lcom/microsoft/sqlserver/jdbc/FailoverInfo;IJ)V+399
j  com.microsoft.sqlserver.jdbc.SQLServerConnection.connect(Ljava/util/Properties;Lcom/microsoft/sqlserver/jdbc/SQLServerPooledConnection;)Ljava/sql/Connection;+1929
j  com.microsoft.sqlserver.jdbc.SQLServerDriver.connect(Ljava/lang/String;Ljava/util/Properties;)Ljava/sql/Connection;+45
j  java.sql.DriverManager.getConnection(Ljava/lang/String;Ljava/util/Properties;Ljava/lang/Class;)Ljava/sql/Connection;+171
j  java.sql.DriverManager.getConnection(Ljava/lang/String;)Ljava/sql/Connection;+13
j  com.company.ServidorMulti.ManageRequest(Ljava/net/DatagramPacket;)Ljava/lang/String;+412
j  com.company.ServidorMulti.run()V+111
v  ~StubRoutines::call_stub

---------------  P R O C E S S  ---------------

Java Threads: ( => current thread )
  0x0000000003633800 JavaThread "DestroyJavaVM" [_thread_blocked, id=18488, stack(0x0000000003350000,0x0000000003450000)]
=>0x000000001ecca800 JavaThread "Server online" [_thread_in_vm, id=8884, stack(0x0000000020f40000,0x0000000021040000)]
  0x000000001eb30800 JavaThread "Service Thread" daemon [_thread_blocked, id=19340, stack(0x0000000020540000,0x0000000020640000)]
  0x000000001ea85000 JavaThread "C1 CompilerThread3" daemon [_thread_blocked, id=16640, stack(0x0000000020440000,0x0000000020540000)]
  0x000000001ea83800 JavaThread "C2 CompilerThread2" daemon [_thread_blocked, id=7808, stack(0x0000000020340000,0x0000000020440000)]
  0x000000001ea81800 JavaThread "C2 CompilerThread1" daemon [_thread_blocked, id=23144, stack(0x0000000020240000,0x0000000020340000)]
  0x000000001ea7b800 JavaThread "C2 CompilerThread0" daemon [_thread_blocked, id=17128, stack(0x0000000020140000,0x0000000020240000)]
  0x000000001ea32000 JavaThread "Monitor Ctrl-Break" daemon [_thread_in_native, id=22700, stack(0x0000000020040000,0x0000000020140000)]
  0x000000001e9ed800 JavaThread "Attach Listener" daemon [_thread_blocked, id=21008, stack(0x000000001ff40000,0x0000000020040000)]
  0x000000001e9eb000 JavaThread "Signal Dispatcher" daemon [_thread_blocked, id=22480, stack(0x000000001fe40000,0x000000001ff40000)]
  0x000000000372c000 JavaThread "Finalizer" daemon [_thread_blocked, id=2944, stack(0x000000001fc30000,0x000000001fd30000)]
  0x000000001e9d3000 JavaThread "Reference Handler" daemon [_thread_blocked, id=23156, stack(0x000000001fb30000,0x000000001fc30000)]

Other Threads:
  0x000000001d2e6800 VMThread [stack: 0x000000001fa30000,0x000000001fb30000] [id=14656]
  0x000000001eb38800 WatcherThread [stack: 0x0000000020640000,0x0000000020740000] [id=9276]

VM state:not at safepoint (normal execution)

VM Mutex/Monitor currently owned by a thread: None

Heap:
 PSYoungGen      total 75776K, used 28634K [0x000000076b700000, 0x0000000770b80000, 0x00000007c0000000)
  eden space 65024K, 44% used [0x000000076b700000,0x000000076d2f69d0,0x000000076f680000)
  from space 10752K, 0% used [0x0000000770100000,0x0000000770100000,0x0000000770b80000)
  to   space 10752K, 0% used [0x000000076f680000,0x000000076f680000,0x0000000770100000)
 ParOldGen       total 173568K, used 0K [0x00000006c2400000, 0x00000006ccd80000, 0x000000076b700000)
  object space 173568K, 0% used [0x00000006c2400000,0x00000006c2400000,0x00000006ccd80000)
 Metaspace       used 8701K, capacity 8940K, committed 9088K, reserved 1056768K
  class space    used 934K, capacity 1032K, committed 1152K, reserved 1048576K

Card table byte_map: [0x0000000012af0000,0x00000000132e0000] byte_map_base: 0x000000000f4de000

Marking Bits: (ParMarkBitMap*) 0x000000005d943e30
 Begin Bits: [0x0000000014230000, 0x00000000181a0000)
 End Bits:   [0x00000000181a0000, 0x000000001c110000)

Polling page: 0x0000000001930000

CodeCache: size=245760Kb used=3323Kb max_used=3341Kb free=242436Kb
 bounds [0x0000000003730000, 0x0000000003a80000, 0x0000000012730000]
 total_blobs=1296 nmethods=952 adapters=257
 compilation: enabled

Compilation events (10 events):
Event: 209.569 Thread 0x000000001ea85000 nmethod 947 0x0000000003a66490 code [0x0000000003a66600, 0x0000000003a66838]
Event: 209.570 Thread 0x000000001ea85000  949       3       java.util.BitSet::checkInvariants (111 bytes)
Event: 209.570 Thread 0x000000001ea85000 nmethod 949 0x0000000003a5d6d0 code [0x0000000003a5d820, 0x0000000003a5d9b0]
Event: 209.570 Thread 0x000000001ea85000  950       3       java.util.Arrays::copyOf (19 bytes)
Event: 209.570 Thread 0x000000001ea85000 nmethod 950 0x0000000003a668d0 code [0x0000000003a66a40, 0x0000000003a66d68]
Event: 209.573 Thread 0x000000001ea83800 nmethod 810 0x0000000003a6d3d0 code [0x0000000003a6d7c0, 0x0000000003a70ff8]
Event: 209.574 Thread 0x000000001ea85000  951       3       com.sun.crypto.provider.AESCrypt::mul4 (181 bytes)
Event: 209.574 Thread 0x000000001ea85000 nmethod 951 0x0000000003a6bed0 code [0x0000000003a6c0e0, 0x0000000003a6cb50]
Event: 209.593 Thread 0x000000001ea85000  952       3       java.util.AbstractList::listIterator (6 bytes)
Event: 209.593 Thread 0x000000001ea85000 nmethod 952 0x0000000003a6b610 code [0x0000000003a6b780, 0x0000000003a6b9a8]

GC Heap History (0 events):
No events

Deoptimization events (4 events):
Event: 209.264 Thread 0x000000001ecca800 Uncommon trap: reason=class_check action=maybe_recompile pc=0x00000000038ecbe4 method=java.util.regex.Pattern$BmpCharProperty.match(Ljava/util/regex/Matcher;ILjava/lang/CharSequence;)Z @ 31
Event: 209.264 Thread 0x000000001ecca800 Uncommon trap: reason=unstable_if action=reinterpret pc=0x00000000038ecb80 method=java.util.regex.Pattern$BmpCharProperty.match(Ljava/util/regex/Matcher;ILjava/lang/CharSequence;)Z @ 5
Event: 209.329 Thread 0x000000001ecca800 Uncommon trap: reason=unstable_if action=reinterpret pc=0x00000000038e1c9c method=java.lang.CharacterDataLatin1.digit(II)I @ 82
Event: 209.474 Thread 0x000000001ecca800 Uncommon trap: reason=unstable_if action=reinterpret pc=0x00000000039eb048 method=java.lang.CharacterDataLatin1.toUpperCase(I)I @ 12

Classes redefined (0 events):
No events

Internal exceptions (8 events):
Event: 0.030 Thread 0x0000000003633800 Exception <a 'java/lang/NoSuchMethodError': Method sun.misc.Unsafe.defineClass(Ljava/lang/String;[BII)Ljava/lang/Class; name or signature does not match> (0x000000076b707cb0) thrown at [C:\re\workspace\8-2-build-windows-amd64-cygwin\jdk8u191\11896\hotspot
Event: 0.030 Thread 0x0000000003633800 Exception <a 'java/lang/NoSuchMethodError': Method sun.misc.Unsafe.prefetchRead(Ljava/lang/Object;J)V name or signature does not match> (0x000000076b707f98) thrown at [C:\re\workspace\8-2-build-windows-amd64-cygwin\jdk8u191\11896\hotspot\src\share\vm\prim
Event: 0.139 Thread 0x0000000003633800 Exception <a 'java/security/PrivilegedActionException'> (0x000000076bd45908) thrown at [C:\re\workspace\8-2-build-windows-amd64-cygwin\jdk8u191\11896\hotspot\src\share\vm\prims\jvm.cpp, line 1435]
Event: 0.139 Thread 0x0000000003633800 Exception <a 'java/security/PrivilegedActionException'> (0x000000076bd45b18) thrown at [C:\re\workspace\8-2-build-windows-amd64-cygwin\jdk8u191\11896\hotspot\src\share\vm\prims\jvm.cpp, line 1435]
Event: 0.139 Thread 0x0000000003633800 Exception <a 'java/security/PrivilegedActionException'> (0x000000076bd49a28) thrown at [C:\re\workspace\8-2-build-windows-amd64-cygwin\jdk8u191\11896\hotspot\src\share\vm\prims\jvm.cpp, line 1435]
Event: 0.139 Thread 0x0000000003633800 Exception <a 'java/security/PrivilegedActionException'> (0x000000076bd49c38) thrown at [C:\re\workspace\8-2-build-windows-amd64-cygwin\jdk8u191\11896\hotspot\src\share\vm\prims\jvm.cpp, line 1435]
Event: 209.319 Thread 0x000000001ecca800 Exception <a 'java/lang/NoSuchFieldError': method resolution failed> (0x000000076c56f610) thrown at [C:\re\workspace\8-2-build-windows-amd64-cygwin\jdk8u191\11896\hotspot\src\share\vm\prims\methodHandles.cpp, line 1167]
Event: 209.320 Thread 0x000000001ecca800 Exception <a 'java/lang/NoSuchFieldError': method resolution failed> (0x000000076c57d828) thrown at [C:\re\workspace\8-2-build-windows-amd64-cygwin\jdk8u191\11896\hotspot\src\share\vm\prims\methodHandles.cpp, line 1167]

Events (10 events):
Event: 209.577 loading class javax/crypto/MacSpi
Event: 209.577 loading class javax/crypto/MacSpi done
Event: 209.579 loading class sun/security/ssl/CipherBox$1
Event: 209.579 loading class sun/security/ssl/CipherBox$1 done
Event: 209.579 loading class java/lang/StrictMath
Event: 209.579 loading class java/lang/StrictMath done
Event: 209.580 loading class com/microsoft/sqlserver/jdbc/AuthenticationJNI
Event: 209.580 loading class com/microsoft/sqlserver/jdbc/AuthenticationJNI done
Event: 209.582 loading class java/lang/ClassLoaderHelper
Event: 209.582 loading class java/lang/ClassLoaderHelper done


Dynamic libraries:
0x00007ff6ff5d0000 - 0x00007ff6ff607000 	C:\Program Files\Java\jdk1.8.0_191\bin\java.exe
0x00007ff984bb0000 - 0x00007ff984d91000 	C:\WINDOWS\SYSTEM32\ntdll.dll
0x00007ff984810000 - 0x00007ff9848c2000 	C:\WINDOWS\System32\KERNEL32.DLL
0x00007ff981a20000 - 0x00007ff981c93000 	C:\WINDOWS\System32\KERNELBASE.dll
0x00007ff984a70000 - 0x00007ff984b11000 	C:\WINDOWS\System32\ADVAPI32.dll
0x00007ff983f20000 - 0x00007ff983fbe000 	C:\WINDOWS\System32\msvcrt.dll
0x00007ff9847b0000 - 0x00007ff98480b000 	C:\WINDOWS\System32\sechost.dll
0x00007ff983a10000 - 0x00007ff983b34000 	C:\WINDOWS\System32\RPCRT4.dll
0x00007ff983fc0000 - 0x00007ff984150000 	C:\WINDOWS\System32\USER32.dll
0x00007ff981ca0000 - 0x00007ff981cc0000 	C:\WINDOWS\System32\win32u.dll
0x00007ff984a40000 - 0x00007ff984a68000 	C:\WINDOWS\System32\GDI32.dll
0x00007ff981e20000 - 0x00007ff981fb2000 	C:\WINDOWS\System32\gdi32full.dll
0x00007ff9818d0000 - 0x00007ff98196f000 	C:\WINDOWS\System32\msvcp_win.dll
0x00007ff981cc0000 - 0x00007ff981dba000 	C:\WINDOWS\System32\ucrtbase.dll
0x00007ff9711d0000 - 0x00007ff971439000 	C:\WINDOWS\WinSxS\amd64_microsoft.windows.common-controls_6595b64144ccf1df_6.0.17134.345_none_fb429a5930656358\COMCTL32.dll
0x00007ff983620000 - 0x00007ff983943000 	C:\WINDOWS\System32\combase.dll
0x00007ff981fc0000 - 0x00007ff98203a000 	C:\WINDOWS\System32\bcryptPrimitives.dll
0x00007ff984150000 - 0x00007ff98417d000 	C:\WINDOWS\System32\IMM32.DLL
0x000000005db90000 - 0x000000005dc62000 	C:\Program Files\Java\jdk1.8.0_191\jre\bin\msvcr100.dll
0x000000005d120000 - 0x000000005d9c4000 	C:\Program Files\Java\jdk1.8.0_191\jre\bin\server\jvm.dll
0x00007ff9845d0000 - 0x00007ff9845d8000 	C:\WINDOWS\System32\PSAPI.DLL
0x00007ff95b9a0000 - 0x00007ff95b9a9000 	C:\WINDOWS\SYSTEM32\WSOCK32.dll
0x00007ff97e130000 - 0x00007ff97e153000 	C:\WINDOWS\SYSTEM32\WINMM.dll
0x00007ff97ba30000 - 0x00007ff97ba3a000 	C:\WINDOWS\SYSTEM32\VERSION.dll
0x00007ff984740000 - 0x00007ff9847ac000 	C:\WINDOWS\System32\WS2_32.dll
0x00007ff97c520000 - 0x00007ff97c54a000 	C:\WINDOWS\SYSTEM32\winmmbase.dll
0x00007ff980f80000 - 0x00007ff980fc9000 	C:\WINDOWS\System32\cfgmgr32.dll
0x000000005db80000 - 0x000000005db8f000 	C:\Program Files\Java\jdk1.8.0_191\jre\bin\verify.dll
0x000000005db50000 - 0x000000005db79000 	C:\Program Files\Java\jdk1.8.0_191\jre\bin\java.dll
0x000000005db00000 - 0x000000005db23000 	C:\Program Files\Java\jdk1.8.0_191\jre\bin\instrument.dll
0x000000005db30000 - 0x000000005db46000 	C:\Program Files\Java\jdk1.8.0_191\jre\bin\zip.dll
0x00007ff982040000 - 0x00007ff98347f000 	C:\WINDOWS\System32\SHELL32.dll
0x00007ff983cc0000 - 0x00007ff983d69000 	C:\WINDOWS\System32\shcore.dll
0x00007ff9811c0000 - 0x00007ff9818cd000 	C:\WINDOWS\System32\windows.storage.dll
0x00007ff9846e0000 - 0x00007ff984731000 	C:\WINDOWS\System32\shlwapi.dll
0x00007ff980f10000 - 0x00007ff980f21000 	C:\WINDOWS\System32\kernel.appcore.dll
0x00007ff980ef0000 - 0x00007ff980f0f000 	C:\WINDOWS\System32\profapi.dll
0x00007ff980f30000 - 0x00007ff980f7c000 	C:\WINDOWS\System32\powrprof.dll
0x00007ff980ec0000 - 0x00007ff980eca000 	C:\WINDOWS\System32\FLTLIB.DLL
0x00007ff947a90000 - 0x00007ff947aaa000 	D:\Program Files\JetBrains\IntelliJ IDEA 2018.2.5\bin\breakgen64.dll
0x000000005dae0000 - 0x000000005dafa000 	C:\Program Files\Java\jdk1.8.0_191\jre\bin\net.dll
0x00007ff980740000 - 0x00007ff9807a6000 	C:\WINDOWS\system32\mswsock.dll
0x00007ff980510000 - 0x00007ff9805ce000 	C:\WINDOWS\SYSTEM32\DNSAPI.dll
0x00007ff9846d0000 - 0x00007ff9846d8000 	C:\WINDOWS\System32\NSI.dll
0x00007ff9804c0000 - 0x00007ff9804f8000 	C:\WINDOWS\SYSTEM32\IPHLPAPI.DLL
0x00007ff979250000 - 0x00007ff97925a000 	C:\Windows\System32\rasadhlp.dll
0x00007ff975190000 - 0x00007ff975202000 	C:\WINDOWS\System32\fwpuclnt.dll
0x00007ff980a20000 - 0x00007ff980a45000 	C:\WINDOWS\SYSTEM32\bcrypt.dll
0x000000005d9e0000 - 0x000000005da04000 	C:\Program Files\Java\jdk1.8.0_191\jre\bin\sunec.dll
0x00007ff978cf0000 - 0x00007ff978d06000 	C:\WINDOWS\SYSTEM32\dhcpcsvc6.DLL
0x00007ff978cd0000 - 0x00007ff978cea000 	C:\WINDOWS\SYSTEM32\dhcpcsvc.DLL
0x000000005dac0000 - 0x000000005dad1000 	C:\Program Files\Java\jdk1.8.0_191\jre\bin\nio.dll
0x00007ff980900000 - 0x00007ff980917000 	C:\WINDOWS\SYSTEM32\CRYPTSP.dll
0x00007ff980320000 - 0x00007ff980353000 	C:\WINDOWS\system32\rsaenh.dll
0x00007ff980df0000 - 0x00007ff980e18000 	C:\WINDOWS\SYSTEM32\USERENV.dll
0x00007ff9808f0000 - 0x00007ff9808fb000 	C:\WINDOWS\SYSTEM32\CRYPTBASE.dll
0x000000005d110000 - 0x000000005d11b000 	C:\Program Files\Java\jdk1.8.0_191\jre\bin\sunmscapi.dll
0x00007ff980fd0000 - 0x00007ff9811b2000 	C:\WINDOWS\System32\CRYPT32.dll
0x00007ff980ed0000 - 0x00007ff980ee2000 	C:\WINDOWS\System32\MSASN1.dll
0x00007ff93d0f0000 - 0x00007ff93d13b000 	C:\Windows\System32\sqljdbc_auth.dll
0x00007ff9848e0000 - 0x00007ff984a31000 	C:\WINDOWS\System32\ole32.dll
0x00007ff972690000 - 0x00007ff97269c000 	C:\WINDOWS\system32\secur32.dll
0x00007ff980dc0000 - 0x00007ff980df0000 	C:\WINDOWS\SYSTEM32\SSPICLI.DLL
0x00007ff980800000 - 0x00007ff9808e8000 	C:\WINDOWS\system32\kerberos.DLL
0x00007ff9806c0000 - 0x00007ff980731000 	C:\WINDOWS\system32\msv1_0.DLL
0x00007ff9806b0000 - 0x00007ff9806bd000 	C:\WINDOWS\SYSTEM32\NtlmShared.dll
0x00007ff9807b0000 - 0x00007ff9807c4000 	C:\WINDOWS\SYSTEM32\cryptdll.dll
0x00007ff947450000 - 0x00007ff947478000 	C:\WINDOWS\system32\ntdsapi.dll
0x00007ff94b880000 - 0x00007ff94b896000 	C:\WINDOWS\system32\napinsp.dll
0x00007ff94b850000 - 0x00007ff94b86a000 	C:\WINDOWS\system32\pnrpnsp.dll
0x00007ff97e1b0000 - 0x00007ff97e1c9000 	C:\WINDOWS\system32\NLAapi.dll
0x00007ff94b760000 - 0x00007ff94b76e000 	C:\WINDOWS\System32\winrnr.dll
0x00007ff94b740000 - 0x00007ff94b755000 	C:\WINDOWS\System32\wshbth.dll
0x00007ff97f920000 - 0x00007ff97fae9000 	C:\WINDOWS\SYSTEM32\dbghelp.dll

VM Arguments:
jvm_args: -javaagent:D:\Program Files\JetBrains\IntelliJ IDEA 2018.2.5\lib\idea_rt.jar=53853:D:\Program Files\JetBrains\IntelliJ IDEA 2018.2.5\bin -Dfile.encoding=UTF-8 
java_command: com.company.ServidorMulti
java_class_path (initial): C:\Program Files\Java\jdk1.8.0_191\jre\lib\charsets.jar;C:\Program Files\Java\jdk1.8.0_191\jre\lib\deploy.jar;C:\Program Files\Java\jdk1.8.0_191\jre\lib\ext\access-bridge-64.jar;C:\Program Files\Java\jdk1.8.0_191\jre\lib\ext\cldrdata.jar;C:\Program Files\Java\jdk1.8.0_191\jre\lib\ext\dnsns.jar;C:\Program Files\Java\jdk1.8.0_191\jre\lib\ext\jaccess.jar;C:\Program Files\Java\jdk1.8.0_191\jre\lib\ext\jfxrt.jar;C:\Program Files\Java\jdk1.8.0_191\jre\lib\ext\localedata.jar;C:\Program Files\Java\jdk1.8.0_191\jre\lib\ext\nashorn.jar;C:\Program Files\Java\jdk1.8.0_191\jre\lib\ext\sunec.jar;C:\Program Files\Java\jdk1.8.0_191\jre\lib\ext\sunjce_provider.jar;C:\Program Files\Java\jdk1.8.0_191\jre\lib\ext\sunmscapi.jar;C:\Program Files\Java\jdk1.8.0_191\jre\lib\ext\sunpkcs11.jar;C:\Program Files\Java\jdk1.8.0_191\jre\lib\ext\zipfs.jar;C:\Program Files\Java\jdk1.8.0_191\jre\lib\javaws.jar;C:\Program Files\Java\jdk1.8.0_191\jre\lib\jce.jar;C:\Program Files\Java\jdk1.8.0_191\jre\lib\jfr.jar;C:\Program Files\Java\jdk1.8.0_191\jre\lib\jfxswt.jar;C:\Program Files\Java\jdk1.8.0_191\jre\lib\jsse.jar;C:\Program Files\Java\jdk1.8.0_191\jre\lib\management-agent.jar;C:\Program Files\Java\jdk1.8.0_191\jre\lib\plugin.jar;C:\Program Files\Java\jdk1.8.0_191\jre\lib\resources.jar;C:\Program Files\Java\jdk1.8.0_191\jre\lib\rt.jar;D:\Pedro\GitHub\SD\Projeto\out\production\Projeto;D:\Pedro\GitHub\ProjetoSD\sqljdbc4.jar;D:\Program Files\JetBrains\IntelliJ IDEA 2018.2.5\lib\idea_rt.jar
Launcher Type: SUN_STANDARD

Environment Variables:
JAVA_HOME=C:\Program Files\Java\jdk1.8.0_191
CLASSPATH=C:\Program Files\Microsoft SQL Server JDBC Driver 2.0\sqljdbc_2.0\enu\sqljdbc.jar
PATH=C:\Program Files\Microsoft MPI\Bin\;C:\Program Files (x86)\Common Files\Oracle\Java\javapath;C:\Program Files (x86)\Intel\Intel(R) Management Engine Components\iCLS\;C:\Program Files\Intel\Intel(R) Management Engine Components\iCLS\;C:\Windows\system32;C:\Windows;C:\Windows\System32\Wbem;C:\Windows\System32\WindowsPowerShell\v1.0\;C:\Program Files (x86)\Intel\Intel(R) Management Engine Components\DAL;C:\Program Files\Intel\Intel(R) Management Engine Components\DAL;C:\Program Files (x86)\Intel\Intel(R) Management Engine Components\IPT;C:\Program Files\Intel\Intel(R) Management Engine Components\IPT;C:\Program Files (x86)\NVIDIA Corporation\PhysX\Common;C:\Program Files\dotnet\;C:\Program Files\Microsoft SQL Server\130\Tools\Binn\;C:\Program Files\Intel\WiFi\bin\;C:\Program Files\Common Files\Intel\WirelessCommon\;C:\WINDOWS\system32;C:\WINDOWS;C:\WINDOWS\System32\Wbem;C:\WINDOWS\System32\WindowsPowerShell\v1.0\;C:\WINDOWS\System32\OpenSSH\;D:\Program Files\PuTTY\;C:\Program Files\Java\jdk1.8.0_191;D:\Program Files\Git\cmd;D:\Program Files\Git\mingw64\bin;D:\Program Files\Git\usr\bin;C:\Program Files\Microsoft SQL Server\Client SDK\ODBC\130\Tools\Binn\;C:\Program Files (x86)\Microsoft SQL Server\140\Tools\Binn\;C:\Program Files\Microsoft SQL Server\140\Tools\Binn\;C:\Program Files\Microsoft SQL Server\140\DTS\Binn\;C:\Program Files (x86)\Microsoft SQL Server\140\DTS\Binn\;C:\Program Files (x86)\Microsoft SQL Server\Client SDK\ODBC\130\Tools\Binn\;C:\Program Files (x86)\Microsoft SQL Server\140\Tools\Binn\ManagementStudio\;C:\Program Files\Java\jdk1.8.0_181\bin;D:\Users\pedro\AppData\Local\Programs\Python\Python37-32\Scripts\;D:\Users\pedro\AppData\Local\Programs\Python\Python37-32\;C:\Users\pedro\AppData\Local\Microsoft\WindowsApps;C:\Users\pedro\AppData\Local\atom\bin;C:\Users\pedro\AppData\Local\Microsoft\WindowsApps;C:\Users\pedro\AppData\Local\GitHubDesktop\bin
USERNAME=pedro
OS=Windows_NT
PROCESSOR_IDENTIFIER=Intel64 Family 6 Model 158 Stepping 10, GenuineIntel



---------------  S Y S T E M  ---------------

OS: Windows 10.0 , 64 bit Build 17134 (10.0.17134.1)

CPU:total 12 (initial active 12) (6 cores per cpu, 2 threads per core) family 6 model 158 stepping 10, cmov, cx8, fxsr, mmx, sse, sse2, sse3, ssse3, sse4.1, sse4.2, popcnt, avx, avx2, aes, clmul, erms, 3dnowpref, lzcnt, ht, tsc, tscinvbit, bmi1, bmi2, adx

Memory: 4k page, physical 16624560k(5253152k free), swap 23134308k(3115300k free)

vm_info: Java HotSpot(TM) 64-Bit Server VM (25.191-b12) for windows-amd64 JRE (1.8.0_191-b12), built on Oct  6 2018 09:29:03 by "java_re" with MS VC++ 10.0 (VS2010)

time: Thu Oct 25 01:04:35 2018
elapsed time: 209 seconds (0d 0h 3m 29s)

